2016-12-08 19:30:32,884 [main] INFO  com.ServiceNow.setup.TestBase - Running on chrome browser
2016-12-08 19:30:32,924 [main] INFO  com.ServiceNow.setup.TestBase - The Chrome Profile is setup
2016-12-08 19:30:37,539 [main] INFO  com.ServiceNow.test.StepDef - The driver value is chrome
2016-12-08 19:30:37,540 [main] INFO  com.ServiceNow.test.StepDef - The url value is https://dev20709.service-now.com/navpage.do
2016-12-08 19:30:49,230 [main] INFO  com.ServiceNow.Utils.WebElements - The Switch To Frame
2016-12-15 09:55:29,283 [main] INFO  com.ServiceNow.setup.TestBase - Running on chrome browser
2016-12-15 09:55:29,396 [main] INFO  com.ServiceNow.setup.TestBase - The Chrome Profile is setup
2016-12-15 09:55:38,687 [main] INFO  com.ServiceNow.test.StepDef - The driver value is chrome
2016-12-15 09:55:38,688 [main] INFO  com.ServiceNow.test.StepDef - The url value is u_step_type
2016-12-15 09:59:15,877 [main] INFO  com.ServiceNow.setup.TestBase - Running on chrome browser
2016-12-15 09:59:15,900 [main] INFO  com.ServiceNow.setup.TestBase - The Chrome Profile is setup
2016-12-15 09:59:21,442 [main] INFO  com.ServiceNow.test.StepDef - The driver value is chrome
2016-12-15 09:59:21,444 [main] INFO  com.ServiceNow.test.StepDef - The url value is u_step_type
2016-12-15 10:01:02,731 [main] INFO  com.ServiceNow.setup.TestBase - Running on chrome browser
2016-12-15 10:01:02,756 [main] INFO  com.ServiceNow.setup.TestBase - The Chrome Profile is setup
2016-12-15 10:01:08,337 [main] INFO  com.ServiceNow.test.StepDef - The driver value is chrome
2016-12-15 10:01:08,337 [main] INFO  com.ServiceNow.test.StepDef - The url value is u_step_type
2016-12-15 10:05:49,667 [main] INFO  com.ServiceNow.setup.TestBase - Running on chrome browser
2016-12-15 10:05:49,697 [main] INFO  com.ServiceNow.setup.TestBase - The Chrome Profile is setup
2016-12-15 10:05:55,560 [main] INFO  com.ServiceNow.test.StepDef - The driver value is chrome
2016-12-15 10:05:55,560 [main] INFO  com.ServiceNow.test.StepDef - The url value is u_step_type
2016-12-15 10:06:26,888 [main] INFO  com.ServiceNow.setup.TestBase - Running on chrome browser
2016-12-15 10:06:26,917 [main] INFO  com.ServiceNow.setup.TestBase - The Chrome Profile is setup
2016-12-15 10:06:31,962 [main] INFO  com.ServiceNow.test.StepDef - The driver value is chrome
2016-12-15 10:06:31,963 [main] INFO  com.ServiceNow.test.StepDef - The url value is u_step_type
2016-12-15 10:07:24,630 [main] INFO  com.ServiceNow.setup.TestBase - Running on chrome browser
2016-12-15 10:07:24,660 [main] INFO  com.ServiceNow.setup.TestBase - The Chrome Profile is setup
2016-12-15 10:07:29,844 [main] INFO  com.ServiceNow.test.StepDef - The driver value is chrome
2016-12-15 10:07:29,846 [main] INFO  com.ServiceNow.test.StepDef - The url value is u_step_type
2016-12-15 10:07:49,188 [main] INFO  com.ServiceNow.setup.TestBase - Running on chrome browser
2016-12-15 10:07:49,215 [main] INFO  com.ServiceNow.setup.TestBase - The Chrome Profile is setup
2016-12-15 10:07:54,529 [main] INFO  com.ServiceNow.test.StepDef - The driver value is chrome
2016-12-15 10:07:54,530 [main] INFO  com.ServiceNow.test.StepDef - The url value is u_step_type
2016-12-15 10:10:46,830 [main] INFO  com.ServiceNow.setup.TestBase - Running on chrome browser
2016-12-15 10:10:46,861 [main] INFO  com.ServiceNow.setup.TestBase - The Chrome Profile is setup
2016-12-15 10:10:53,085 [main] INFO  com.ServiceNow.test.StepDef - The driver value is chrome
2016-12-15 10:10:53,086 [main] INFO  com.ServiceNow.test.StepDef - The url value is u_step_type
2016-12-15 10:11:17,094 [main] INFO  com.ServiceNow.setup.TestBase - Running on chrome browser
2016-12-15 10:11:17,119 [main] INFO  com.ServiceNow.setup.TestBase - The Chrome Profile is setup
2016-12-15 10:11:21,999 [main] INFO  com.ServiceNow.test.StepDef - The driver value is chrome
2016-12-15 10:11:22,000 [main] INFO  com.ServiceNow.test.StepDef - The url value is u_step_type
2016-12-15 10:25:20,562 [main] INFO  com.ServiceNow.setup.TestBase - Running on chrome browser
2016-12-15 10:25:20,595 [main] INFO  com.ServiceNow.setup.TestBase - The Chrome Profile is setup
2016-12-15 10:25:25,324 [main] INFO  com.ServiceNow.test.StepDef - The driver value is chrome
2016-12-15 10:25:25,325 [main] INFO  com.ServiceNow.test.StepDef - The url value is u_step_type
2016-12-15 10:25:36,291 [main] INFO  com.ServiceNow.Utils.WebElements - The Switch To Frame
2016-12-15 10:32:49,612 [main] INFO  com.ServiceNow.setup.TestBase - Running on chrome browser
2016-12-15 10:32:49,636 [main] INFO  com.ServiceNow.setup.TestBase - The Chrome Profile is setup
2016-12-15 10:32:54,969 [main] INFO  com.ServiceNow.test.StepDef - The driver value is chrome
2016-12-15 10:32:54,970 [main] INFO  com.ServiceNow.test.StepDef - The url value is u_step_type
2016-12-15 10:33:05,331 [main] INFO  com.ServiceNow.Utils.WebElements - The Switch To Frame
2016-12-15 10:33:56,888 [main] INFO  com.ServiceNow.setup.TestBase - Running on chrome browser
2016-12-15 10:33:56,914 [main] INFO  com.ServiceNow.setup.TestBase - The Chrome Profile is setup
2016-12-15 10:34:01,906 [main] INFO  com.ServiceNow.test.StepDef - The driver value is chrome
2016-12-15 10:34:01,907 [main] INFO  com.ServiceNow.test.StepDef - The url value is u_step_type
2016-12-15 10:34:11,388 [main] INFO  com.ServiceNow.Utils.WebElements - The Switch To Frame
2016-12-15 10:42:45,984 [main] INFO  com.ServiceNow.setup.TestBase - Running on chrome browser
2016-12-15 10:42:46,030 [main] INFO  com.ServiceNow.setup.TestBase - The Chrome Profile is setup
2016-12-15 10:42:58,001 [main] INFO  com.ServiceNow.test.StepDef - The driver value is chrome
2016-12-15 10:42:58,002 [main] INFO  com.ServiceNow.test.StepDef - The url value is u_step_type
2016-12-15 10:44:48,918 [main] INFO  com.ServiceNow.setup.TestBase - Running on chrome browser
2016-12-15 10:44:48,961 [main] INFO  com.ServiceNow.setup.TestBase - The Chrome Profile is setup
2016-12-15 10:44:54,092 [main] INFO  com.ServiceNow.test.StepDef - The driver value is chrome
2016-12-15 10:44:54,093 [main] INFO  com.ServiceNow.test.StepDef - The url value is u_step_type
2016-12-15 10:46:42,513 [main] INFO  com.ServiceNow.setup.TestBase - Running on chrome browser
2016-12-15 10:46:42,548 [main] INFO  com.ServiceNow.setup.TestBase - The Chrome Profile is setup
2016-12-15 10:46:47,737 [main] INFO  com.ServiceNow.test.StepDef - The driver value is chrome
2016-12-15 10:46:47,738 [main] INFO  com.ServiceNow.test.StepDef - The url value is u_step_type
2016-12-15 10:47:49,106 [main] INFO  com.ServiceNow.setup.TestBase - Running on chrome browser
2016-12-15 10:47:49,145 [main] INFO  com.ServiceNow.setup.TestBase - The Chrome Profile is setup
2016-12-15 10:47:54,154 [main] INFO  com.ServiceNow.test.StepDef - The driver value is chrome
2016-12-15 10:47:54,156 [main] INFO  com.ServiceNow.test.StepDef - The url value is u_step_type
2016-12-15 10:49:08,603 [main] INFO  com.ServiceNow.setup.TestBase - Running on chrome browser
2016-12-15 10:49:08,629 [main] INFO  com.ServiceNow.setup.TestBase - The Chrome Profile is setup
2016-12-15 10:49:13,625 [main] INFO  com.ServiceNow.test.StepDef - The driver value is chrome
2016-12-15 10:49:13,626 [main] INFO  com.ServiceNow.test.StepDef - The url value is u_step_type
2016-12-15 10:51:57,477 [main] INFO  com.ServiceNow.setup.TestBase - Running on chrome browser
2016-12-15 10:51:57,503 [main] INFO  com.ServiceNow.setup.TestBase - The Chrome Profile is setup
2016-12-15 10:52:03,409 [main] INFO  com.ServiceNow.test.StepDef - The driver value is chrome
2016-12-15 10:52:03,410 [main] INFO  com.ServiceNow.test.StepDef - The url value is u_step_type
2016-12-15 10:53:24,212 [main] INFO  com.ServiceNow.setup.TestBase - Running on chrome browser
2016-12-15 10:53:24,237 [main] INFO  com.ServiceNow.setup.TestBase - The Chrome Profile is setup
2016-12-15 10:53:29,274 [main] INFO  com.ServiceNow.test.StepDef - The driver value is chrome
2016-12-15 10:53:29,275 [main] INFO  com.ServiceNow.test.StepDef - The url value is u_step_type
2016-12-15 10:55:10,218 [main] INFO  com.ServiceNow.setup.TestBase - Running on chrome browser
2016-12-15 10:55:10,257 [main] INFO  com.ServiceNow.setup.TestBase - The Chrome Profile is setup
2016-12-15 10:55:14,906 [main] INFO  com.ServiceNow.test.StepDef - The driver value is chrome
2016-12-15 10:55:14,908 [main] INFO  com.ServiceNow.test.StepDef - The url value is u_step_type
2016-12-15 10:57:01,870 [main] INFO  com.ServiceNow.setup.TestBase - Running on chrome browser
2016-12-15 10:57:01,895 [main] INFO  com.ServiceNow.setup.TestBase - The Chrome Profile is setup
2016-12-15 10:57:06,528 [main] INFO  com.ServiceNow.test.StepDef - The driver value is chrome
2016-12-15 10:57:06,528 [main] INFO  com.ServiceNow.test.StepDef - The url value is u_step_type
2016-12-15 10:59:25,758 [main] INFO  com.ServiceNow.setup.TestBase - Running on chrome browser
2016-12-15 10:59:25,793 [main] INFO  com.ServiceNow.setup.TestBase - The Chrome Profile is setup
2016-12-15 10:59:30,871 [main] INFO  com.ServiceNow.test.StepDef - The driver value is chrome
2016-12-15 10:59:30,872 [main] INFO  com.ServiceNow.test.StepDef - The url value is u_step_type
2016-12-15 10:59:41,759 [main] INFO  com.ServiceNow.Utils.WebElements - The Switch To Frame
2016-12-15 11:38:29,782 [main] INFO  com.ServiceNow.setup.TestBase - Running on chrome browser
2016-12-15 11:38:29,854 [main] INFO  com.ServiceNow.setup.TestBase - The Chrome Profile is setup
2016-12-15 11:38:36,421 [main] INFO  com.ServiceNow.test.StepDef - The driver value is chrome
2016-12-15 11:38:36,421 [main] INFO  com.ServiceNow.test.StepDef - The url value is u_step_type
2016-12-15 11:38:47,938 [main] INFO  com.ServiceNow.Utils.WebElements - The Switch To Frame
2016-12-15 11:40:10,074 [main] INFO  com.ServiceNow.setup.TestBase - Running on chrome browser
2016-12-15 11:40:10,101 [main] INFO  com.ServiceNow.setup.TestBase - The Chrome Profile is setup
2016-12-15 11:40:15,050 [main] INFO  com.ServiceNow.test.StepDef - The driver value is chrome
2016-12-15 11:40:15,051 [main] INFO  com.ServiceNow.test.StepDef - The url value is u_step_type
2016-12-15 11:40:29,190 [main] INFO  com.ServiceNow.Utils.WebElements - The Switch To Frame
2016-12-15 12:17:17,126 [main] INFO  com.ServiceNow.setup.TestBase - Running on chrome browser
2016-12-15 12:17:17,150 [main] INFO  com.ServiceNow.setup.TestBase - The Chrome Profile is setup
2016-12-15 12:17:22,080 [main] INFO  com.ServiceNow.test.StepDef - The driver value is chrome
2016-12-15 12:17:22,080 [main] INFO  com.ServiceNow.test.StepDef - The url value is u_step_type
2016-12-15 12:17:32,378 [main] INFO  com.ServiceNow.Utils.WebElements - The Switch To Frame
2016-12-15 12:27:42,084 [main] INFO  com.ServiceNow.setup.TestBase - Running on chrome browser
2016-12-15 12:27:42,114 [main] INFO  com.ServiceNow.setup.TestBase - The Chrome Profile is setup
2016-12-15 12:27:46,875 [main] INFO  com.ServiceNow.test.StepDef - The driver value is chrome
2016-12-15 12:27:46,876 [main] INFO  com.ServiceNow.test.StepDef - The url value is u_step_type
2016-12-15 12:28:02,584 [main] INFO  com.ServiceNow.Utils.WebElements - The Switch To Frame
2016-12-15 13:59:33,807 [main] INFO  com.ServiceNow.setup.TestBase - Running on chrome browser
2016-12-15 13:59:33,831 [main] INFO  com.ServiceNow.setup.TestBase - The Chrome Profile is setup
2016-12-15 13:59:38,684 [main] INFO  com.ServiceNow.test.StepDef - The driver value is chrome
2016-12-15 13:59:38,685 [main] INFO  com.ServiceNow.test.StepDef - The url value is step_1#u_value
2016-12-15 13:59:54,464 [main] INFO  com.ServiceNow.Utils.WebElements - The Switch To Frame
2016-12-15 14:00:57,428 [main] INFO  com.ServiceNow.setup.TestBase - Running on chrome browser
2016-12-15 14:00:57,452 [main] INFO  com.ServiceNow.setup.TestBase - The Chrome Profile is setup
2016-12-15 14:01:02,392 [main] INFO  com.ServiceNow.test.StepDef - The driver value is chrome
2016-12-15 14:01:02,393 [main] INFO  com.ServiceNow.test.StepDef - The url value is step_1#u_value
2016-12-15 14:01:22,299 [main] INFO  com.ServiceNow.Utils.WebElements - The Switch To Frame
2016-12-15 14:02:54,106 [main] INFO  com.ServiceNow.setup.TestBase - Running on chrome browser
2016-12-15 14:02:54,130 [main] INFO  com.ServiceNow.setup.TestBase - The Chrome Profile is setup
2016-12-15 14:02:58,910 [main] INFO  com.ServiceNow.test.StepDef - The driver value is chrome
2016-12-15 14:02:58,911 [main] INFO  com.ServiceNow.test.StepDef - The url value is step_1#u_value
2016-12-15 14:03:33,931 [main] INFO  com.ServiceNow.Utils.WebElements - The Switch To Frame
2016-12-15 14:04:53,941 [main] INFO  com.ServiceNow.setup.TestBase - Running on chrome browser
2016-12-15 14:04:53,964 [main] INFO  com.ServiceNow.setup.TestBase - The Chrome Profile is setup
2016-12-15 14:04:58,820 [main] INFO  com.ServiceNow.test.StepDef - The driver value is chrome
2016-12-15 14:04:58,821 [main] INFO  com.ServiceNow.test.StepDef - The url value is step_1#u_value
2016-12-15 14:05:20,536 [main] INFO  com.ServiceNow.Utils.WebElements - The Switch To Frame
2016-12-15 14:16:37,626 [main] INFO  com.ServiceNow.setup.TestBase - Running on chrome browser
2016-12-15 14:16:37,649 [main] INFO  com.ServiceNow.setup.TestBase - The Chrome Profile is setup
2016-12-15 14:16:42,436 [main] INFO  com.ServiceNow.test.StepDef - The driver value is chrome
2016-12-15 14:16:42,437 [main] INFO  com.ServiceNow.test.StepDef - The url value is step_1#u_value
2016-12-15 14:16:58,985 [main] INFO  com.ServiceNow.Utils.WebElements - The Switch To Frame
2016-12-15 21:45:19,768 [main] INFO  com.ServiceNow.setup.TestBase - Running on chrome browser
2016-12-15 21:45:19,798 [main] INFO  com.ServiceNow.setup.TestBase - The Chrome Profile is setup
2016-12-15 21:45:24,526 [main] INFO  com.ServiceNow.test.StepDef - The driver value is chrome
2016-12-15 21:45:24,526 [main] INFO  com.ServiceNow.test.StepDef - The url value is step_1#u_value
2016-12-15 21:46:07,196 [main] INFO  com.ServiceNow.setup.TestBase - Running on chrome browser
2016-12-15 21:46:07,221 [main] INFO  com.ServiceNow.setup.TestBase - The Chrome Profile is setup
2016-12-15 21:46:11,855 [main] INFO  com.ServiceNow.test.StepDef - The driver value is chrome
2016-12-15 21:46:11,858 [main] INFO  com.ServiceNow.test.StepDef - The url value is step_1#u_value
2016-12-15 21:52:03,034 [main] INFO  com.ServiceNow.setup.TestBase - Running on chrome browser
2016-12-15 21:52:03,054 [main] INFO  com.ServiceNow.setup.TestBase - The Chrome Profile is setup
2016-12-15 21:52:07,922 [main] INFO  com.ServiceNow.test.StepDef - The driver value is chrome
2016-12-15 21:52:07,922 [main] INFO  com.ServiceNow.test.StepDef - The url value is step_1#u_value
2016-12-15 21:52:36,366 [main] INFO  com.ServiceNow.setup.TestBase - Running on chrome browser
2016-12-15 21:52:36,386 [main] INFO  com.ServiceNow.setup.TestBase - The Chrome Profile is setup
2016-12-15 21:52:41,387 [main] INFO  com.ServiceNow.test.StepDef - The driver value is chrome
2016-12-15 21:52:41,390 [main] INFO  com.ServiceNow.test.StepDef - The url value is step_1#u_value
2016-12-15 22:01:05,659 [main] INFO  com.ServiceNow.setup.TestBase - Running on chrome browser
2016-12-15 22:01:05,689 [main] INFO  com.ServiceNow.setup.TestBase - The Chrome Profile is setup
2016-12-15 22:01:10,652 [main] INFO  com.ServiceNow.test.StepDef - The driver value is chrome
2016-12-15 22:01:10,655 [main] INFO  com.ServiceNow.test.StepDef - The url value is step_1#u_value
2016-12-15 22:04:33,262 [main] INFO  com.ServiceNow.setup.TestBase - Running on chrome browser
2016-12-15 22:04:33,292 [main] INFO  com.ServiceNow.setup.TestBase - The Chrome Profile is setup
2016-12-15 22:04:38,135 [main] INFO  com.ServiceNow.test.StepDef - The driver value is chrome
2016-12-15 22:04:38,138 [main] INFO  com.ServiceNow.test.StepDef - The url value is step_1#u_value
2016-12-15 22:05:37,311 [main] INFO  com.ServiceNow.setup.TestBase - Running on chrome browser
2016-12-15 22:05:37,331 [main] INFO  com.ServiceNow.setup.TestBase - The Chrome Profile is setup
2016-12-15 22:05:42,245 [main] INFO  com.ServiceNow.test.StepDef - The driver value is chrome
2016-12-15 22:05:42,245 [main] INFO  com.ServiceNow.test.StepDef - The url value is step_1#u_value
2016-12-15 22:06:01,128 [main] INFO  com.ServiceNow.Utils.WebElements - The Switch To Frame
2016-12-15 22:08:25,013 [main] INFO  com.ServiceNow.setup.TestBase - Running on chrome browser
2016-12-15 22:08:25,038 [main] INFO  com.ServiceNow.setup.TestBase - The Chrome Profile is setup
2016-12-15 22:08:29,922 [main] INFO  com.ServiceNow.test.StepDef - The driver value is chrome
2016-12-15 22:08:29,922 [main] INFO  com.ServiceNow.test.StepDef - The url value is step_1#u_value
2016-12-15 22:08:40,208 [main] INFO  com.ServiceNow.Utils.WebElements - The Switch To Frame
2016-12-15 23:06:47,880 [main] INFO  com.ServiceNow.setup.TestBase - Running on chrome browser
2016-12-15 23:06:47,912 [main] INFO  com.ServiceNow.setup.TestBase - The Chrome Profile is setup
2016-12-15 23:06:53,485 [main] INFO  com.ServiceNow.test.StepDef - The driver value is chrome
2016-12-15 23:06:53,486 [main] INFO  com.ServiceNow.test.StepDef - The url value is step_1#u_value
2016-12-15 23:07:03,326 [main] INFO  com.ServiceNow.Utils.WebElements - The Switch To Frame
2017-01-03 19:21:13,397 [main] INFO  org.apache.http.impl.execchain.RetryExec - I/O exception (java.net.SocketException) caught when processing request to {s}->https://123:443: Network is unreachable: connect
2017-01-03 19:21:13,402 [main] INFO  org.apache.http.impl.execchain.RetryExec - Retrying request to {s}->https://123:443
2017-01-03 19:21:13,403 [main] INFO  org.apache.http.impl.execchain.RetryExec - I/O exception (java.net.SocketException) caught when processing request to {s}->https://123:443: Network is unreachable: connect
2017-01-03 19:21:13,403 [main] INFO  org.apache.http.impl.execchain.RetryExec - Retrying request to {s}->https://123:443
2017-01-03 19:21:13,405 [main] INFO  org.apache.http.impl.execchain.RetryExec - I/O exception (java.net.SocketException) caught when processing request to {s}->https://123:443: Network is unreachable: connect
2017-01-03 19:21:13,405 [main] INFO  org.apache.http.impl.execchain.RetryExec - Retrying request to {s}->https://123:443
2017-01-03 22:56:57,430 [main] INFO  org.apache.http.impl.execchain.RetryExec - I/O exception (java.net.SocketException) caught when processing request to {s}->https://123:443: Network is unreachable: connect
2017-01-03 22:56:57,459 [main] INFO  org.apache.http.impl.execchain.RetryExec - Retrying request to {s}->https://123:443
2017-01-03 22:56:57,461 [main] INFO  org.apache.http.impl.execchain.RetryExec - I/O exception (java.net.SocketException) caught when processing request to {s}->https://123:443: Network is unreachable: connect
2017-01-03 22:56:57,461 [main] INFO  org.apache.http.impl.execchain.RetryExec - Retrying request to {s}->https://123:443
2017-01-03 22:56:57,463 [main] INFO  org.apache.http.impl.execchain.RetryExec - I/O exception (java.net.SocketException) caught when processing request to {s}->https://123:443: Network is unreachable: connect
2017-01-03 22:56:57,463 [main] INFO  org.apache.http.impl.execchain.RetryExec - Retrying request to {s}->https://123:443
